INFO:root:Channel: <adafruit_ads1x15.analog_in.AnalogIn object at 0xb628b7f0>
INFO:root:Starting threads at time: 2020-03-18 22:00:11.385016...
INFO:root:watering garden with pin:18 and dutycycle: 100
INFO:root:Current time: 22
INFO:root:Starting API
INFO:root:
 ____                       _      ____               _            
/ ___| _ __ ___   __ _ _ __| |_   / ___| __ _ _ __ __| | ___ _ __  
\___ \| '_ ` _ \ / _` | '__| __| | |  _ / _` | '__/ _` |/ _ \ '_ \ 
 ___) | | | | | | (_| | |  | |_  | |_| | (_| | | | (_| |  __/ | | |
|____/|_| |_| |_|\__,_|_|   \__|  \____|\__,_|_|  \__,_|\___|_| |_|
  
  Created by Alexander Taffe
  Version 0.2
  


All Threads Started!



  
INFO:root:Soil Moisture Level: 105 Raw Value: 29
INFO:root:Watered plants at: 2020-03-18 22:00:15.399377
INFO:root:watering garden with pin:18 and dutycycle: 70
INFO:root:Watered plants at: 2020-03-18 22:00:24.420723
INFO:root:watering garden with pin:18 and dutycycle: 50
INFO:root:Watered plants at: 2020-03-18 22:00:33.438530
INFO:root:Channel: <adafruit_ads1x15.analog_in.AnalogIn object at 0xb61d9810>
INFO:root:Starting threads at time: 2020-03-18 23:17:01.176661...
INFO:root:watering garden with pin:18 and dutycycle: 100
INFO:root:Current time: 23
INFO:root:Turning light off 2020-03-18 23:17:01.200358
INFO:root:Starting API
INFO:root:
 ____                       _      ____               _            
/ ___| _ __ ___   __ _ _ __| |_   / ___| __ _ _ __ __| | ___ _ __  
\___ \| '_ ` _ \ / _` | '__| __| | |  _ / _` | '__/ _` |/ _ \ '_ \ 
 ___) | | | | | | (_| | |  | |_  | |_| | (_| | | | (_| |  __/ | | |
|____/|_| |_| |_|\__,_|_|   \__|  \____|\__,_|_|  \__,_|\___|_| |_|
  
  Created by Alexander Taffe
  Version 0.2
  


All Threads Started!



  
INFO:root:Soil Moisture Level: 104 Raw Value: 93
INFO:root:Watered plants at: 2020-03-18 23:17:05.196637
INFO:root:watering garden with pin:18 and dutycycle: 70
INFO:root:Watered plants at: 2020-03-18 23:17:14.221960
INFO:root:watering garden with pin:18 and dutycycle: 50
INFO:root:Watered plants at: 2020-03-18 23:17:23.244251
INFO:root:Channel: <adafruit_ads1x15.analog_in.AnalogIn object at 0xb61bf770>
INFO:root:Starting threads at time: 2020-03-18 23:30:28.594402...
INFO:root:watering garden with pin:18 and dutycycle: 100
INFO:root:Current time: 23
INFO:root:Turning light off 2020-03-18 23:30:28.626614
INFO:root:Starting API
INFO:root:
 ____                       _      ____               _            
/ ___| _ __ ___   __ _ _ __| |_   / ___| __ _ _ __ __| | ___ _ __  
\___ \| '_ ` _ \ / _` | '__| __| | |  _ / _` | '__/ _` |/ _ \ '_ \ 
 ___) | | | | | | (_| | |  | |_  | |_| | (_| | | | (_| |  __/ | | |
|____/|_| |_| |_|\__,_|_|   \__|  \____|\__,_|_|  \__,_|\___|_| |_|
  
  Created by Alexander Taffe
  Version 0.2
  


All Threads Started!



  
INFO:root:Soil Moisture Level: 104 Raw Value: 92
INFO:root:Watered plants at: 2020-03-18 23:30:32.616423
INFO:root:watering garden with pin:18 and dutycycle: 70
INFO:root:Watered plants at: 2020-03-18 23:30:41.628428
INFO:root:watering garden with pin:18 and dutycycle: 50
INFO:root:Watered plants at: 2020-03-18 23:30:50.716144
INFO:root:running light thread.
INFO:root:Current time: 23
INFO:root:Turning light off 2020-03-18 23:35:28.641772
INFO:root:Channel: <adafruit_ads1x15.analog_in.AnalogIn object at 0xb61e67f0>
INFO:root:Starting threads at time: 2020-03-18 23:37:26.641745...
INFO:root:watering garden with pin:18 and dutycycle: 100
INFO:root:Current time: 23
INFO:root:Turning light off 2020-03-18 23:37:26.663889
INFO:root:Starting API
INFO:root:
 ____                       _      ____               _            
/ ___| _ __ ___   __ _ _ __| |_   / ___| __ _ _ __ __| | ___ _ __  
\___ \| '_ ` _ \ / _` | '__| __| | |  _ / _` | '__/ _` |/ _ \ '_ \ 
 ___) | | | | | | (_| | |  | |_  | |_| | (_| | | | (_| |  __/ | | |
|____/|_| |_| |_|\__,_|_|   \__|  \____|\__,_|_|  \__,_|\___|_| |_|
  
  Created by Alexander Taffe
  Version 0.2
  


All Threads Started!



  
INFO:root:Soil Moisture Level: 104 Raw Value: 104
INFO:root:Watered plants at: 2020-03-18 23:37:30.661753
INFO:root:watering garden with pin:18 and dutycycle: 70
INFO:root:Watered plants at: 2020-03-18 23:37:39.684836
INFO:root:Soil Moisture Level: 104 Raw Value: 89
INFO:root:watering garden with pin:18 and dutycycle: 50
INFO:root:Watered plants at: 2020-03-18 23:37:48.717927
INFO:root:Soil Moisture Level: 104 Raw Value: 69
INFO:root:Channel: <adafruit_ads1x15.analog_in.AnalogIn object at 0xb61e97f0>
INFO:root:Starting threads at time: 2020-03-18 23:42:58.934858...
INFO:root:watering garden with pin:18 and dutycycle: 100
INFO:root:Current time: 23
INFO:root:Turning light off 2020-03-18 23:42:58.959305
INFO:root:Starting API
INFO:root:
 ____                       _      ____               _            
/ ___| _ __ ___   __ _ _ __| |_   / ___| __ _ _ __ __| | ___ _ __  
\___ \| '_ ` _ \ / _` | '__| __| | |  _ / _` | '__/ _` |/ _ \ '_ \ 
 ___) | | | | | | (_| | |  | |_  | |_| | (_| | | | (_| |  __/ | | |
|____/|_| |_| |_|\__,_|_|   \__|  \____|\__,_|_|  \__,_|\___|_| |_|
  
  Created by Alexander Taffe
  Version 0.2
  


All Threads Started!



  
INFO:root:Soil Moisture Level: 104 Raw Value: 114
INFO:root:Watered plants at: 2020-03-18 23:43:02.952085
INFO:root:watering garden with pin:18 and dutycycle: 70
INFO:root:Watered plants at: 2020-03-18 23:43:11.977129
INFO:root:Soil Moisture Level: 104 Raw Value: 102
INFO:root:watering garden with pin:18 and dutycycle: 50
INFO:root:Watered plants at: 2020-03-18 23:43:20.997998
INFO:root:Soil Moisture Level: 104 Raw Value: 74
INFO:root:Channel: <adafruit_ads1x15.analog_in.AnalogIn object at 0xb6266810>
INFO:root:Starting threads at time: 2020-03-18 23:45:25.847525...
INFO:root:watering garden with pin:18 and dutycycle: 100
INFO:root:Current time: 23
INFO:root:Turning light off 2020-03-18 23:45:25.870662
INFO:root:Starting API
INFO:root:
 ____                       _      ____               _            
/ ___| _ __ ___   __ _ _ __| |_   / ___| __ _ _ __ __| | ___ _ __  
\___ \| '_ ` _ \ / _` | '__| __| | |  _ / _` | '__/ _` |/ _ \ '_ \ 
 ___) | | | | | | (_| | |  | |_  | |_| | (_| | | | (_| |  __/ | | |
|____/|_| |_| |_|\__,_|_|   \__|  \____|\__,_|_|  \__,_|\___|_| |_|
  
  Created by Alexander Taffe
  Version 0.2
  


All Threads Started!



  
INFO:root:Soil Moisture Level: 104 Raw Value: 168
INFO:root:Watered plants at: 2020-03-18 23:45:29.868359
INFO:root:watering garden with pin:18 and dutycycle: 70
INFO:root:Watered plants at: 2020-03-18 23:45:38.886121
INFO:root:Soil Moisture Level: 104 Raw Value: 105
INFO:root:watering garden with pin:18 and dutycycle: 50
INFO:root:Watered plants at: 2020-03-18 23:45:47.912610
INFO:root:Soil Moisture Level: 104 Raw Value: 76
INFO:root:Channel: <adafruit_ads1x15.analog_in.AnalogIn object at 0xb62027f0>
INFO:root:Starting threads at time: 2020-03-18 23:49:21.417634...
INFO:root:Current time: 23
INFO:root:Turning light off 2020-03-18 23:49:21.437645
INFO:root:Starting API
INFO:root:
 ____                       _      ____               _            
/ ___| _ __ ___   __ _ _ __| |_   / ___| __ _ _ __ __| | ___ _ __  
\___ \| '_ ` _ \ / _` | '__| __| | |  _ / _` | '__/ _` |/ _ \ '_ \ 
 ___) | | | | | | (_| | |  | |_  | |_| | (_| | | | (_| |  __/ | | |
|____/|_| |_| |_|\__,_|_|   \__|  \____|\__,_|_|  \__,_|\___|_| |_|
  
  Created by Alexander Taffe
  Version 0.2
  


All Threads Started!



  
INFO:root:Soil Moisture Level: 104 Raw Value: 55
INFO:root:Soil Moisture Level: 104 Raw Value: 56
INFO:root:Soil Moisture Level: 104 Raw Value: 58
INFO:root:running light thread.
INFO:root:Current time: 23
INFO:root:Turning light off 2020-03-18 23:54:21.462965
INFO:root:Channel: <adafruit_ads1x15.analog_in.AnalogIn object at 0xb6256810>
INFO:root:Starting threads at time: 2020-03-18 23:56:05.104838...
INFO:root:Current time: 23
INFO:root:Turning light off 2020-03-18 23:56:05.125146
INFO:root:Starting API
INFO:root:
 ____                       _      ____               _            
/ ___| _ __ ___   __ _ _ __| |_   / ___| __ _ _ __ __| | ___ _ __  
\___ \| '_ ` _ \ / _` | '__| __| | |  _ / _` | '__/ _` |/ _ \ '_ \ 
 ___) | | | | | | (_| | |  | |_  | |_| | (_| | | | (_| |  __/ | | |
|____/|_| |_| |_|\__,_|_|   \__|  \____|\__,_|_|  \__,_|\___|_| |_|
  
  Created by Alexander Taffe
  Version 0.2
  


All Threads Started!



  
INFO:root:Soil Moisture Level: 105 Raw Value: 56
INFO:root:Soil Moisture Level: 104 Raw Value: 57
INFO:root:Soil Moisture Level: 104 Raw Value: 59
INFO:root:Soil Moisture Level: 104 Raw Value: 58
INFO:root:Soil Moisture Level: 104 Raw Value: 60
INFO:root:Soil Moisture Level: 104 Raw Value: 59
INFO:root:Soil Moisture Level: 104 Raw Value: 59
INFO:root:Soil Moisture Level: 104 Raw Value: 60
INFO:root:Soil Moisture Level: 104 Raw Value: 60
INFO:root:Soil Moisture Level: 104 Raw Value: 56
INFO:root:Soil Moisture Level: 104 Raw Value: 58
INFO:root:Soil Moisture Level: 104 Raw Value: 56
INFO:root:Soil Moisture Level: 104 Raw Value: 56
